Found 28 JSON descriptor files
Analyzed: output/json-descriptors/jon_shared_data_compass.json
Analyzed: output/json-descriptors/jon_shared_data_rec_osd.json
Analyzed: output/json-descriptors/jon_shared_data_camera_heat.json
Analyzed: output/json-descriptors/jon_shared_cmd_day_cam_glass_heater.json
Analyzed: output/json-descriptors/jon_shared_data_lrf.json
Analyzed: output/json-descriptors/jon_shared_cmd_cv.json
Analyzed: output/json-descriptors/jon_shared_data_compass_calibration.json
Analyzed: output/json-descriptors/jon_shared_data_time.json
Analyzed: output/json-descriptors/jon_shared_cmd_system.json
Analyzed: output/json-descriptors/jon_shared_data_system.json
Analyzed: output/json-descriptors/jon_shared_cmd_compass.json
Analyzed: output/json-descriptors/jon_shared_cmd_day_camera.json
Analyzed: output/json-descriptors/jon_shared_data_camera_day.json
Analyzed: output/json-descriptors/jon_shared_data_types.json
Analyzed: output/json-descriptors/jon_shared_cmd_gps.json
Analyzed: output/json-descriptors/jon_shared_data_rotary.json
Analyzed: output/json-descriptors/jon_shared_cmd_lrf_align.json
Analyzed: output/json-descriptors/jon_shared_cmd_lrf.json
Analyzed: output/json-descriptors/jon_shared_cmd_lira.json
Analyzed: output/json-descriptors/jon_shared_cmd_heat_camera.json
Analyzed: output/json-descriptors/descriptor-set.json
Analyzed: output/json-descriptors/jon_shared_cmd_osd.json
Analyzed: output/json-descriptors/jon_shared_data_actual_space_time.json
Analyzed: output/json-descriptors/jon_shared_data_gps.json
Analyzed: output/json-descriptors/jon_shared_data.json
Analyzed: output/json-descriptors/jon_shared_cmd.json
Analyzed: output/json-descriptors/jon_shared_data_day_cam_glass_heater.json
Analyzed: output/json-descriptors/jon_shared_cmd_rotary.json
